<component name="libraryTable">
  <library name="junit-platform-commons-1.8.0">
    <CLASSES>
      <root url="jar://$PROJECT_DIR$/src/libs/junit-platform-commons-1.8.0.jar!/" />
    </CLASSES>
    <JAVADOC />
    <SOURCES />
  </library>
</component>