<component name="libraryTable">
  <library name="junit-dep-4.8.2">
    <CLASSES>
      <root url="jar://$PROJECT_DIR$/src/libs/junit-dep-4.8.2.jar!/" />
    </CLASSES>
    <JAVADOC />
    <SOURCES />
  </library>
</component>